[2025-07-24 22:13:47,449] [INFO] FOFA 拉取 & 入库完成，共 20 个 URL
[2025-07-24 22:13:47,455] [INFO] httpx 探测中…
[2025-07-24 22:13:55,753] [INFO] FOFA 拉取 & 入库完成，共 20 个 URL
[2025-07-24 22:13:55,760] [INFO] httpx 探测中…
[2025-07-24 22:14:07,955] [INFO] 存活 18 个
[2025-07-24 22:14:07,955] [INFO] nuclei 扫描中…
[2025-07-24 22:16:20,994] [INFO] 已写入 nuclei_vulns.json 共 0 条
[2025-07-24 22:16:20,994] [INFO] 生成 nuclei.json 供 PoC 框架使用
[2025-07-24 22:17:08,186] [INFO] FOFA 拉取 & 入库完成，共 20 个 URL
[2025-07-24 22:17:08,193] [INFO] httpx 探测中…
[2025-07-24 22:17:19,857] [INFO] 存活 15 个
[2025-07-24 22:17:19,857] [INFO] nuclei 扫描中…
[2025-07-24 22:19:28,366] [INFO] 已写入 nuclei_vulns.json 共 0 条
[2025-07-24 22:19:28,366] [INFO] 生成 nuclei.json 供 PoC 框架使用
[2025-07-24 22:21:32,707] [INFO] 全部完成 ✅
[2025-07-24 22:26:38,328] [INFO] FOFA 拉取 & 入库完成，共 10 个 URL
[2025-07-24 22:26:38,330] [INFO] httpx 探测中…
[2025-07-24 22:26:49,544] [INFO] 存活 8 个
[2025-07-24 22:26:49,544] [INFO] 单次 nuclei 扫描 → TXT + JSON
[2025-07-24 22:28:17,256] [INFO] 全部完成 ✅
[2025-07-25 09:39:10,869] [INFO] FOFA 拉取 & 入库完成，共 10 个 URL
[2025-07-25 09:39:10,869] [INFO] httpx 探测中…
[2025-07-25 09:39:18,362] [INFO] 存活 10 个
[2025-07-25 09:39:18,362] [INFO] 单次 nuclei 扫描 → TXT + JSON
[2025-07-25 09:41:01,700] [INFO] 全部完成 ✅
[2025-07-25 09:49:25,505] [ERROR] FOFA 错误: [820000] 查询语法错误
[2025-07-25 09:49:25,505] [ERROR] 无资产，终止
[2025-07-25 09:50:21,997] [INFO] FOFA 拉取 & 入库完成，共 18 个 URL
[2025-07-25 09:50:21,997] [INFO] httpx 探测中…
[2025-07-25 09:50:33,414] [INFO] 存活 16 个
[2025-07-25 09:50:33,414] [INFO] 单次 nuclei 扫描 → TXT + JSON
[2025-07-25 09:52:45,014] [INFO] 全部完成 ✅
[2025-07-25 10:15:14,634] [INFO] FOFA 拉取 & 入库完成，共 50 个 URL
[2025-07-25 10:15:14,634] [INFO] httpx 探测中…
[2025-07-25 10:15:35,800] [INFO] 存活 46 个
[2025-07-25 10:15:35,802] [INFO] 单次 nuclei 扫描 → TXT + JSON
[2025-07-25 10:19:12,939] [INFO] 全部完成 ✅
[2025-07-25 10:21:52,838] [INFO] FOFA 拉取 & 入库完成，共 50 个 URL
[2025-07-25 10:21:52,838] [INFO] httpx 探测中…
[2025-07-25 10:22:14,061] [INFO] 存活 42 个
[2025-07-25 10:22:14,061] [INFO] 生成 nuclei.json
[2025-07-25 10:26:41,130] [INFO] 全部完成 ✅
[2025-07-25 10:43:32,554] [INFO] FOFA 拉取 & 入库完成，共 48 个 URL
[2025-07-25 10:43:32,558] [INFO] httpx 探测中…
[2025-07-25 10:43:38,266] [INFO] 存活 48 个
[2025-07-25 10:43:38,268] [INFO] 生成 nuclei.json
[2025-07-25 10:48:46,702] [INFO] 全部完成 ✅
[2025-07-25 10:58:47,041] [INFO] FOFA 拉取 & 入库完成，共 49 个 URL
[2025-07-25 10:58:47,041] [INFO] httpx 探测中…
[2025-07-25 10:58:50,301] [INFO] 存活 45 个
[2025-07-25 10:58:50,301] [INFO] 生成 nuclei.json
[2025-07-25 10:58:50,471] [INFO] 全部完成 ✅
[2025-07-25 11:07:56,358] [INFO] FOFA 拉取 & 入库完成，共 49 个 URL
[2025-07-25 11:07:56,359] [INFO] httpx 探测中…
[2025-07-25 11:08:03,555] [INFO] 存活 45 个
[2025-07-25 11:08:03,555] [INFO] 生成 nuclei.json
[2025-07-25 11:14:01,210] [INFO] 全部完成 ✅
[2025-07-25 18:50:59,770] [INFO] FOFA 拉取 & 入库完成，共 48 个 URL
[2025-07-25 18:50:59,775] [INFO] httpx 探测中…
[2025-07-25 18:51:11,487] [INFO] 存活 47 个
[2025-07-25 18:51:11,487] [INFO] 生成 nuclei.json
[2025-07-25 18:57:35,303] [INFO] 全部完成 ✅
[2025-07-25 19:16:35,769] [INFO] FOFA 拉取 & 入库完成，共 48 个 URL
[2025-07-25 19:16:35,769] [INFO] httpx 探测中…
[2025-07-25 19:16:47,298] [INFO] 存活 46 个
[2025-07-25 19:16:47,298] [INFO] 生成 nuclei.json
[2025-07-25 19:24:23,582] [INFO] 全部完成 ✅
[2025-07-27 14:20:14,852] [INFO] FOFA 拉取 & 入库完成，共 41 个 URL
[2025-07-27 14:20:14,860] [INFO] httpx 探测中…
[2025-07-27 14:20:27,993] [INFO] 存活 39 个
[2025-07-27 14:20:27,993] [INFO] 生成 nuclei.json
[2025-07-27 14:28:12,958] [INFO] 全部完成 ✅
[2025-08-15 23:21:49,466] [INFO] FOFA 拉取 & 入库完成，共 48 个 URL
[2025-08-15 23:21:49,466] [INFO] httpx 探测中…
[2025-08-15 23:22:03,984] [INFO] 存活 46 个
[2025-08-15 23:22:03,984] [INFO] 生成 nuclei.json
[2025-08-15 23:26:51,964] [INFO] 全部完成 ✅
[2025-08-15 23:35:07,350] [INFO] FOFA 拉取 & 入库完成，共 10 个 URL
[2025-08-15 23:35:07,353] [INFO] httpx 探测中…
[2025-08-15 23:35:21,233] [INFO] 存活 7 个
[2025-08-15 23:35:21,233] [INFO] 生成 nuclei.json
[2025-08-15 23:37:30,388] [INFO] 全部完成 ✅
[2025-08-15 23:40:25,914] [INFO] FOFA 拉取 & 入库完成，共 10 个 URL
[2025-08-15 23:40:25,917] [INFO] httpx 探测中…
[2025-08-15 23:40:37,161] [INFO] 存活 7 个
[2025-08-15 23:40:37,161] [INFO] 生成 nuclei.json
[2025-08-15 23:42:42,264] [INFO] 全部完成 ✅
[2025-08-15 23:49:54,337] [INFO] FOFA 拉取 & 入库完成，共 48 个 URL
[2025-08-15 23:49:54,337] [INFO] httpx 探测中…
[2025-08-15 23:50:05,614] [INFO] 存活 44 个
[2025-08-15 23:50:05,614] [INFO] 生成 nuclei.json
[2025-08-15 23:54:58,236] [INFO] 全部完成 ✅
[2025-08-15 23:58:14,441] [INFO] FOFA 拉取 & 入库完成，共 47 个 URL
[2025-08-15 23:58:14,448] [INFO] httpx 探测中…
[2025-08-15 23:58:25,692] [INFO] 存活 43 个
[2025-08-15 23:58:25,692] [INFO] 生成 nuclei.json
[2025-08-16 00:03:15,270] [INFO] 全部完成 ✅
[2025-08-20 23:51:35,591] [INFO] FOFA 拉取 & 入库完成，共 46 个 URL
[2025-08-20 23:51:35,598] [INFO] httpx 探测中…
[2025-08-20 23:51:49,119] [INFO] 存活 46 个
[2025-08-20 23:51:49,119] [INFO] 生成 nuclei.json
[2025-08-21 00:01:15,211] [INFO] 全部完成 ✅
[2025-08-29 01:31:11,081] [INFO] FOFA 拉取 & 入库完成，共 49 个 URL
[2025-08-29 01:31:11,082] [INFO] httpx 探测中…
[2025-08-29 01:31:23,385] [INFO] 存活 47 个
[2025-08-29 01:31:23,385] [INFO] 生成 nuclei.json
[2025-08-29 01:38:32,066] [INFO] 全部完成 ✅
[2025-08-29 20:45:01,679] [INFO] FOFA 拉取 & 入库完成，共 43 个 URL
[2025-08-29 20:45:01,681] [INFO] httpx 探测中…
[2025-08-29 20:45:13,028] [INFO] 存活 42 个
[2025-08-29 20:45:13,028] [INFO] 生成 nuclei.json
[2025-08-29 20:51:26,460] [INFO] 全部完成 ✅
[2025-08-30 00:12:36,364] [INFO] FOFA 拉取 & 入库完成，共 44 个 URL
[2025-08-30 00:12:36,366] [INFO] httpx 探测中…
[2025-08-30 00:12:48,086] [INFO] 存活 42 个
[2025-08-30 00:12:48,087] [INFO] 生成 nuclei.json
[2025-08-30 00:19:19,052] [INFO] 全部完成 ✅
[2025-08-30 00:32:31,341] [INFO] FOFA 拉取 & 入库完成，共 41 个 URL
[2025-08-30 00:32:31,343] [INFO] httpx 探测中…
[2025-08-30 00:32:42,619] [INFO] 存活 38 个
[2025-08-30 00:32:42,619] [INFO] 生成 nuclei.json
[2025-08-30 00:38:40,154] [INFO] 全部完成 ✅
[2025-08-30 00:47:19,241] [INFO] FOFA 拉取 & 入库完成，共 40 个 URL
[2025-08-30 00:47:19,243] [INFO] httpx 探测中…
[2025-08-30 00:47:30,800] [INFO] 存活 39 个
[2025-08-30 00:47:30,800] [INFO] 生成 nuclei.json
[2025-08-30 00:52:53,916] [INFO] 全部完成 ✅
[2025-08-30 00:55:13,994] [INFO] FOFA 拉取 & 入库完成，共 41 个 URL
[2025-08-30 00:55:13,996] [INFO] httpx 探测中…
[2025-08-30 00:55:25,278] [INFO] 存活 40 个
[2025-08-30 00:55:25,278] [INFO] 生成 nuclei.json
[2025-08-30 01:00:55,553] [INFO] 全部完成 ✅
